<?xml version="1.0" encoding="UTF-8"?>
<!-- Generated by org.testng.reporters.JUnitReportReporter -->
<testsuite hostname="VanEm-PC" name="test.Contact" tests="1" failures="0" timestamp="7 Jul 2016 13:39:01 GMT" time="28.213" errors="0">
  <testcase name="doContact" time="28.213" classname="test.Contact"/>
</testsuite> <!-- test.Contact -->
