<?xml version="1.0" encoding="UTF-8"?>
<!-- Generated by org.testng.reporters.JUnitReportReporter -->
<testsuite hostname="VanEm-PC" name="seleniumDigitest.AddUserDigitest" tests="1" failures="0" timestamp="7 Jul 2016 14:34:51 GMT" time="52.043" errors="0">
  <testcase name="doAddNewUser" time="52.043" classname="seleniumDigitest.AddUserDigitest"/>
</testsuite> <!-- seleniumDigitest.AddUserDigitest -->
